0October 20, 2021, 12:39 pm - ::1 - Mozilla/5.0 (Windows NT 10.0; Win64; x64) AppleWebKit/537.36 (KHTML, like Gecko) Chrome/94.0.4606.81 Safari/537.36 - no-referer - /staging/index.php - 
October 20, 2021, 12:39 pm - ::1 - Mozilla/5.0 (Windows NT 10.0; Win64; x64) AppleWebKit/537.36 (KHTML, like Gecko) Chrome/94.0.4606.81 Safari/537.36 - no-referer - /staging/index.php - 
October 20, 2021, 12:44 pm - ::1 - Mozilla/5.0 (Windows NT 10.0; Win64; x64) AppleWebKit/537.36 (KHTML, like Gecko) Chrome/94.0.4606.81 Safari/537.36 - https://localhost/staging/category/index/ - /staging/index.php - 
October 20, 2021, 12:44 pm - ::1 - Mozilla/5.0 (Windows NT 10.0; Win64; x64) AppleWebKit/537.36 (KHTML, like Gecko) Chrome/94.0.4606.81 Safari/537.36 - https://localhost/staging/category/index/ - /staging/index.php - 
October 20, 2021, 12:52 pm - ::1 - Mozilla/5.0 (Windows NT 10.0; Win64; x64) AppleWebKit/537.36 (KHTML, like Gecko) Chrome/94.0.4606.81 Safari/537.36 - https://localhost/staging/subcategory/index/myproduct/ - /staging/index.php - 
October 20, 2021, 12:52 pm - ::1 - Mozilla/5.0 (Windows NT 10.0; Win64; x64) AppleWebKit/537.36 (KHTML, like Gecko) Chrome/94.0.4606.81 Safari/537.36 - https://localhost/staging/subcategory/index/myproduct/ - /staging/index.php - 
October 20, 2021, 12:52 pm - ::1 - Mozilla/5.0 (Windows NT 10.0; Win64; x64) AppleWebKit/537.36 (KHTML, like Gecko) Chrome/94.0.4606.81 Safari/537.36 - https://localhost/staging/bargain/100:250 - /staging/index.php - 
October 20, 2021, 12:52 pm - ::1 - Mozilla/5.0 (Windows NT 10.0; Win64; x64) AppleWebKit/537.36 (KHTML, like Gecko) Chrome/94.0.4606.81 Safari/537.36 - https://localhost/staging/bargain/100:250 - /staging/index.php - 
October 20, 2021, 12:52 pm - ::1 - Mozilla/5.0 (Windows NT 10.0; Win64; x64) AppleWebKit/537.36 (KHTML, like Gecko) Chrome/94.0.4606.81 Safari/537.36 - https://localhost/staging/bargain/250:500 - /staging/index.php - 
October 20, 2021, 12:52 pm - ::1 - Mozilla/5.0 (Windows NT 10.0; Win64; x64) AppleWebKit/537.36 (KHTML, like Gecko) Chrome/94.0.4606.81 Safari/537.36 - https://localhost/staging/bargain/250:500 - /staging/index.php - 
April 29, 2022, 9:53 pm - ::1 - Mozilla/5.0 (Windows NT 10.0; Win64; x64) AppleWebKit/537.36 (KHTML, like Gecko) Chrome/99.0.4844.82 Safari/537.36 - no-referer - /OpenShop/index.php - 
April 29, 2022, 9:53 pm - ::1 - Mozilla/5.0 (Windows NT 10.0; Win64; x64) AppleWebKit/537.36 (KHTML, like Gecko) Chrome/99.0.4844.82 Safari/537.36 - no-referer - /OpenShop/index.php - 
April 29, 2022, 9:53 pm - ::1 - Mozilla/5.0 (Windows NT 10.0; Win64; x64) AppleWebKit/537.36 (KHTML, like Gecko) Chrome/99.0.4844.82 Safari/537.36 - no-referer - /OpenShop/index.php - 
April 29, 2022, 9:53 pm - ::1 - Mozilla/5.0 (Windows NT 10.0; Win64; x64) AppleWebKit/537.36 (KHTML, like Gecko) Chrome/99.0.4844.82 Safari/537.36 - no-referer - /OpenShop/index.php - 
April 29, 2022, 9:56 pm - ::1 - Mozilla/5.0 (Windows NT 10.0; Win64; x64) AppleWebKit/537.36 (KHTML, like Gecko) Chrome/99.0.4844.82 Safari/537.36 - https://localhost/OpenShop/payment/paypal/Checkout.php - /OpenShop/index.php - 
April 29, 2022, 9:56 pm - ::1 - Mozilla/5.0 (Windows NT 10.0; Win64; x64) AppleWebKit/537.36 (KHTML, like Gecko) Chrome/99.0.4844.82 Safari/537.36 - https://localhost/OpenShop/payment/paypal/Checkout.php - /OpenShop/index.php - 
April 29, 2022, 9:56 pm - ::1 - Mozilla/5.0 (Windows NT 10.0; Win64; x64) AppleWebKit/537.36 (KHTML, like Gecko) Chrome/99.0.4844.82 Safari/537.36 - https://localhost/OpenShop/payment/paypal/Checkout.php - /OpenShop/index.php - 
April 29, 2022, 9:56 pm - ::1 - Mozilla/5.0 (Windows NT 10.0; Win64; x64) AppleWebKit/537.36 (KHTML, like Gecko) Chrome/99.0.4844.82 Safari/537.36 - https://localhost/OpenShop/payment/paypal/Checkout.php - /OpenShop/index.php - 
April 29, 2022, 9:56 pm - ::1 - Mozilla/5.0 (Windows NT 10.0; Win64; x64) AppleWebKit/537.36 (KHTML, like Gecko) Chrome/99.0.4844.82 Safari/537.36 - https://localhost/OpenShop/payment/paypal/Checkout.php - /OpenShop/index.php - 
April 29, 2022, 9:56 pm - ::1 - Mozilla/5.0 (Windows NT 10.0; Win64; x64) AppleWebKit/537.36 (KHTML, like Gecko) Chrome/99.0.4844.82 Safari/537.36 - https://localhost/OpenShop/payment/paypal/Checkout.php - /OpenShop/index.php - 
April 29, 2022, 10:07 pm - ::1 - Mozilla/5.0 (Windows NT 10.0; Win64; x64) AppleWebKit/537.36 (KHTML, like Gecko) Chrome/99.0.4844.82 Safari/537.36 - https://localhost/OpenShop/cart/ - /OpenShop/index.php - 
April 29, 2022, 10:07 pm - ::1 - Mozilla/5.0 (Windows NT 10.0; Win64; x64) AppleWebKit/537.36 (KHTML, like Gecko) Chrome/99.0.4844.82 Safari/537.36 - https://localhost/OpenShop/cart/ - /OpenShop/index.php - 
April 29, 2022, 10:07 pm - ::1 - Mozilla/5.0 (Windows NT 10.0; Win64; x64) AppleWebKit/537.36 (KHTML, like Gecko) Chrome/99.0.4844.82 Safari/537.36 - https://localhost/OpenShop/category/watches/ - /OpenShop/index.php - 
April 29, 2022, 10:07 pm - ::1 - Mozilla/5.0 (Windows NT 10.0; Win64; x64) AppleWebKit/537.36 (KHTML, like Gecko) Chrome/99.0.4844.82 Safari/537.36 - https://localhost/OpenShop/category/watches/ - /OpenShop/index.php - 
April 29, 2022, 10:08 pm - ::1 - Mozilla/5.0 (Windows NT 10.0; Win64; x64) AppleWebKit/537.36 (KHTML, like Gecko) Chrome/99.0.4844.82 Safari/537.36 - https://localhost/OpenShop/category/index/item/index/product-1/10000001/1/ - /OpenShop/index.php - 
April 29, 2022, 10:08 pm - ::1 - Mozilla/5.0 (Windows NT 10.0; Win64; x64) AppleWebKit/537.36 (KHTML, like Gecko) Chrome/99.0.4844.82 Safari/537.36 - https://localhost/OpenShop/category/index/item/index/product-1/10000001/1/ - /OpenShop/index.php - 
April 29, 2022, 10:08 pm - ::1 - Mozilla/5.0 (Windows NT 10.0; Win64; x64) AppleWebKit/537.36 (KHTML, like Gecko) Chrome/99.0.4844.82 Safari/537.36 - https://localhost/OpenShop/category/watches/item/watches/pink-watch/1000008/1/ - /OpenShop/index.php - 
April 29, 2022, 10:08 pm - ::1 - Mozilla/5.0 (Windows NT 10.0; Win64; x64) AppleWebKit/537.36 (KHTML, like Gecko) Chrome/99.0.4844.82 Safari/537.36 - https://localhost/OpenShop/category/watches/item/watches/pink-watch/1000008/1/ - /OpenShop/index.php - 
April 29, 2022, 10:16 pm - ::1 - Mozilla/5.0 (Windows NT 10.0; Win64; x64) AppleWebKit/537.36 (KHTML, like Gecko) Chrome/99.0.4844.82 Safari/537.36 - https://localhost/OpenShop/cart/ - /OpenShop/index.php - 
April 29, 2022, 10:16 pm - ::1 - Mozilla/5.0 (Windows NT 10.0; Win64; x64) AppleWebKit/537.36 (KHTML, like Gecko) Chrome/99.0.4844.82 Safari/537.36 - https://localhost/OpenShop/cart/ - /OpenShop/index.php - 
April 29, 2022, 10:19 pm - ::1 - Mozilla/5.0 (Windows NT 10.0; Win64; x64) AppleWebKit/537.36 (KHTML, like Gecko) Chrome/99.0.4844.82 Safari/537.36 - https://localhost/OpenShop/articles/ - /OpenShop/index.php - 
April 29, 2022, 10:19 pm - ::1 - Mozilla/5.0 (Windows NT 10.0; Win64; x64) AppleWebKit/537.36 (KHTML, like Gecko) Chrome/99.0.4844.82 Safari/537.36 - https://localhost/OpenShop/articles/ - /OpenShop/index.php - 
April 29, 2022, 10:40 pm - ::1 - Mozilla/5.0 (Windows NT 10.0; Win64; x64) AppleWebKit/537.36 (KHTML, like Gecko) Chrome/99.0.4844.82 Safari/537.36 - https://localhost/OpenShop/cart/ - /OpenShop/index.php - 
April 29, 2022, 10:40 pm - ::1 - Mozilla/5.0 (Windows NT 10.0; Win64; x64) AppleWebKit/537.36 (KHTML, like Gecko) Chrome/99.0.4844.82 Safari/537.36 - https://localhost/OpenShop/cart/ - /OpenShop/index.php - 
May 1, 2022, 7:53 am - ::1 - Mozilla/5.0 (Windows NT 10.0; Win64; x64) AppleWebKit/537.36 (KHTML, like Gecko) Chrome/99.0.4844.82 Safari/537.36 - no-referer - /OpenShop/index.php - 
May 1, 2022, 7:53 am - ::1 - Mozilla/5.0 (Windows NT 10.0; Win64; x64) AppleWebKit/537.36 (KHTML, like Gecko) Chrome/99.0.4844.82 Safari/537.36 - no-referer - /OpenShop/index.php - 
May 1, 2022, 8:10 am - ::1 - Mozilla/5.0 (Windows NT 10.0; Win64; x64) AppleWebKit/537.36 (KHTML, like Gecko) Chrome/99.0.4844.82 Safari/537.36 - no-referer - /OpenShop/index.php - 
May 1, 2022, 8:10 am - ::1 - Mozilla/5.0 (Windows NT 10.0; Win64; x64) AppleWebKit/537.36 (KHTML, like Gecko) Chrome/99.0.4844.82 Safari/537.36 - no-referer - /OpenShop/index.php - 
May 1, 2022, 8:10 am - ::1 - Mozilla/5.0 (Windows NT 10.0; Win64; x64) AppleWebKit/537.36 (KHTML, like Gecko) Chrome/99.0.4844.82 Safari/537.36 - no-referer - /OpenShop/index.php - 
May 1, 2022, 8:10 am - ::1 - Mozilla/5.0 (Windows NT 10.0; Win64; x64) AppleWebKit/537.36 (KHTML, like Gecko) Chrome/99.0.4844.82 Safari/537.36 - no-referer - /OpenShop/index.php - 
May 1, 2022, 8:17 am - ::1 - Mozilla/5.0 (Windows NT 10.0; Win64; x64) AppleWebKit/537.36 (KHTML, like Gecko) Chrome/99.0.4844.82 Safari/537.36 - no-referer - /OpenShop/index.php - 
May 1, 2022, 8:17 am - ::1 - Mozilla/5.0 (Windows NT 10.0; Win64; x64) AppleWebKit/537.36 (KHTML, like Gecko) Chrome/99.0.4844.82 Safari/537.36 - no-referer - /OpenShop/index.php - 
May 1, 2022, 8:24 am - ::1 - Mozilla/5.0 (Windows NT 10.0; Win64; x64) AppleWebKit/537.36 (KHTML, like Gecko) Chrome/99.0.4844.82 Safari/537.36 - no-referer - /OpenShop/index.php - 
May 1, 2022, 8:24 am - ::1 - Mozilla/5.0 (Windows NT 10.0; Win64; x64) AppleWebKit/537.36 (KHTML, like Gecko) Chrome/99.0.4844.82 Safari/537.36 - no-referer - /OpenShop/index.php - 
May 1, 2022, 8:27 am - ::1 - Mozilla/5.0 (Windows NT 10.0; Win64; x64) AppleWebKit/537.36 (KHTML, like Gecko) Chrome/99.0.4844.82 Safari/537.36 - no-referer - /OpenShop/index.php - 
May 1, 2022, 8:28 am - ::1 - Mozilla/5.0 (Windows NT 10.0; Win64; x64) AppleWebKit/537.36 (KHTML, like Gecko) Chrome/99.0.4844.82 Safari/537.36 - no-referer - /OpenShop/index.php - 
May 1, 2022, 8:28 am - ::1 - Mozilla/5.0 (Windows NT 10.0; Win64; x64) AppleWebKit/537.36 (KHTML, like Gecko) Chrome/99.0.4844.82 Safari/537.36 - no-referer - /OpenShop/index.php - 
May 1, 2022, 8:28 am - ::1 - Mozilla/5.0 (Windows NT 10.0; Win64; x64) AppleWebKit/537.36 (KHTML, like Gecko) Chrome/99.0.4844.82 Safari/537.36 - no-referer - /OpenShop/index.php - 
May 1, 2022, 8:28 am - ::1 - Mozilla/5.0 (Windows NT 10.0; Win64; x64) AppleWebKit/537.36 (KHTML, like Gecko) Chrome/99.0.4844.82 Safari/537.36 - no-referer - /OpenShop/index.php - 
May 1, 2022, 8:39 am - ::1 - Mozilla/5.0 (Windows NT 10.0; Win64; x64) AppleWebKit/537.36 (KHTML, like Gecko) Chrome/99.0.4844.82 Safari/537.36 - https://localhost/OpenShop/category/index/item/index/product-40/10000040/1/ - /OpenShop/index.php - 
May 1, 2022, 8:39 am - ::1 - Mozilla/5.0 (Windows NT 10.0; Win64; x64) AppleWebKit/537.36 (KHTML, like Gecko) Chrome/99.0.4844.82 Safari/537.36 - https://localhost/OpenShop/category/index/item/index/product-40/10000040/1/ - /OpenShop/index.php - 
May 1, 2022, 8:54 am - ::1 - Mozilla/5.0 (Windows NT 10.0; Win64; x64) AppleWebKit/537.36 (KHTML, like Gecko) Chrome/99.0.4844.82 Safari/537.36 - no-referer - /OpenShop/index.php - 
May 1, 2022, 8:54 am - ::1 - Mozilla/5.0 (Windows NT 10.0; Win64; x64) AppleWebKit/537.36 (KHTML, like Gecko) Chrome/99.0.4844.82 Safari/537.36 - no-referer - /OpenShop/index.php - 
May 1, 2022, 8:56 am - ::1 - Mozilla/5.0 (Windows NT 10.0; Win64; x64) AppleWebKit/537.36 (KHTML, like Gecko) Chrome/99.0.4844.82 Safari/537.36 - no-referer - /OpenShop/index.php - 
May 1, 2022, 8:56 am - ::1 - Mozilla/5.0 (Windows NT 10.0; Win64; x64) AppleWebKit/537.36 (KHTML, like Gecko) Chrome/99.0.4844.82 Safari/537.36 - no-referer - /OpenShop/index.php - 
May 1, 2022, 8:56 am - ::1 - Mozilla/5.0 (Windows NT 10.0; Win64; x64) AppleWebKit/537.36 (KHTML, like Gecko) Chrome/99.0.4844.82 Safari/537.36 - no-referer - /OpenShop/index.php - 
May 1, 2022, 8:56 am - ::1 - Mozilla/5.0 (Windows NT 10.0; Win64; x64) AppleWebKit/537.36 (KHTML, like Gecko) Chrome/99.0.4844.82 Safari/537.36 - no-referer - /OpenShop/index.php - 
May 1, 2022, 8:57 am - ::1 - Mozilla/5.0 (Windows NT 10.0; Win64; x64) AppleWebKit/537.36 (KHTML, like Gecko) Chrome/99.0.4844.82 Safari/537.36 - no-referer - /OpenShop/index.php - 
May 1, 2022, 8:57 am - ::1 - Mozilla/5.0 (Windows NT 10.0; Win64; x64) AppleWebKit/537.36 (KHTML, like Gecko) Chrome/99.0.4844.82 Safari/537.36 - no-referer - /OpenShop/index.php - 
May 1, 2022, 8:57 am - ::1 - Mozilla/5.0 (Windows NT 10.0; Win64; x64) AppleWebKit/537.36 (KHTML, like Gecko) Chrome/99.0.4844.82 Safari/537.36 - no-referer - /OpenShop/index.php - 
May 1, 2022, 8:57 am - ::1 - Mozilla/5.0 (Windows NT 10.0; Win64; x64) AppleWebKit/537.36 (KHTML, like Gecko) Chrome/99.0.4844.82 Safari/537.36 - no-referer - /OpenShop/index.php - 
May 1, 2022, 8:57 am - ::1 - Mozilla/5.0 (Windows NT 10.0; Win64; x64) AppleWebKit/537.36 (KHTML, like Gecko) Chrome/99.0.4844.82 Safari/537.36 - https://localhost/OpenShop/cart/ - /OpenShop/index.php - 
May 1, 2022, 8:57 am - ::1 - Mozilla/5.0 (Windows NT 10.0; Win64; x64) AppleWebKit/537.36 (KHTML, like Gecko) Chrome/99.0.4844.82 Safari/537.36 - https://localhost/OpenShop/cart/ - /OpenShop/index.php - 
May 1, 2022, 9:01 am - ::1 - Mozilla/5.0 (Windows NT 10.0; Win64; x64) AppleWebKit/537.36 (KHTML, like Gecko) Chrome/99.0.4844.82 Safari/537.36 - https://localhost/OpenShop/cart/ - /OpenShop/index.php - 
May 1, 2022, 9:01 am - ::1 - Mozilla/5.0 (Windows NT 10.0; Win64; x64) AppleWebKit/537.36 (KHTML, like Gecko) Chrome/99.0.4844.82 Safari/537.36 - https://localhost/OpenShop/cart/ - /OpenShop/index.php - 
May 1, 2022, 9:03 am - ::1 - Mozilla/5.0 (Windows NT 10.0; Win64; x64) AppleWebKit/537.36 (KHTML, like Gecko) Chrome/99.0.4844.82 Safari/537.36 - https://localhost/OpenShop/cart/ - /OpenShop/index.php - 
May 1, 2022, 9:03 am - ::1 - Mozilla/5.0 (Windows NT 10.0; Win64; x64) AppleWebKit/537.36 (KHTML, like Gecko) Chrome/99.0.4844.82 Safari/537.36 - https://localhost/OpenShop/cart/ - /OpenShop/index.php - 
May 1, 2022, 9:03 am - ::1 - Mozilla/5.0 (Windows NT 10.0; Win64; x64) AppleWebKit/537.36 (KHTML, like Gecko) Chrome/99.0.4844.82 Safari/537.36 - https://localhost/OpenShop/cart/ - /OpenShop/index.php - 
May 1, 2022, 9:03 am - ::1 - Mozilla/5.0 (Windows NT 10.0; Win64; x64) AppleWebKit/537.36 (KHTML, like Gecko) Chrome/99.0.4844.82 Safari/537.36 - https://localhost/OpenShop/cart/ - /OpenShop/index.php - 
May 1, 2022, 9:41 am - ::1 - Mozilla/5.0 (Windows NT 10.0; Win64; x64) AppleWebKit/537.36 (KHTML, like Gecko) Chrome/99.0.4844.82 Safari/537.36 - no-referer - /OpenShop/index.php - 
May 1, 2022, 9:41 am - ::1 - Mozilla/5.0 (Windows NT 10.0; Win64; x64) AppleWebKit/537.36 (KHTML, like Gecko) Chrome/99.0.4844.82 Safari/537.36 - no-referer - /OpenShop/index.php - 
May 1, 2022, 9:55 am - ::1 - Mozilla/5.0 (Windows NT 10.0; Win64; x64) AppleWebKit/537.36 (KHTML, like Gecko) Chrome/99.0.4844.82 Safari/537.36 - no-referer - /OpenShop/index.php - 
May 1, 2022, 9:55 am - ::1 - Mozilla/5.0 (Windows NT 10.0; Win64; x64) AppleWebKit/537.36 (KHTML, like Gecko) Chrome/99.0.4844.82 Safari/537.36 - no-referer - /OpenShop/index.php - 
May 1, 2022, 9:56 am - ::1 - Mozilla/5.0 (Windows NT 10.0; Win64; x64) AppleWebKit/537.36 (KHTML, like Gecko) Chrome/99.0.4844.82 Safari/537.36 - no-referer - /OpenShop/index.php - 
May 1, 2022, 9:56 am - ::1 - Mozilla/5.0 (Windows NT 10.0; Win64; x64) AppleWebKit/537.36 (KHTML, like Gecko) Chrome/99.0.4844.82 Safari/537.36 - no-referer - /OpenShop/index.php - 
May 4, 2022, 12:09 pm - ::1 - Mozilla/5.0 (Windows NT 10.0; Win64; x64) AppleWebKit/537.36 (KHTML, like Gecko) Chrome/99.0.4844.82 Safari/537.36 - no-referer - /OpenShop/index.php - 
May 4, 2022, 12:09 pm - ::1 - Mozilla/5.0 (Windows NT 10.0; Win64; x64) AppleWebKit/537.36 (KHTML, like Gecko) Chrome/99.0.4844.82 Safari/537.36 - no-referer - /OpenShop/index.php - 
May 4, 2022, 12:17 pm - ::1 - Mozilla/5.0 (Windows NT 10.0; Win64; x64) AppleWebKit/537.36 (KHTML, like Gecko) Chrome/99.0.4844.82 Safari/537.36 - no-referer - /OpenShop/index.php - 
May 4, 2022, 12:17 pm - ::1 - Mozilla/5.0 (Windows NT 10.0; Win64; x64) AppleWebKit/537.36 (KHTML, like Gecko) Chrome/99.0.4844.82 Safari/537.36 - no-referer - /OpenShop/index.php - 
May 4, 2022, 12:21 pm - ::1 - Mozilla/5.0 (Windows NT 10.0; Win64; x64) AppleWebKit/537.36 (KHTML, like Gecko) Chrome/99.0.4844.82 Safari/537.36 - https://localhost/OpenShop/articles/ - /OpenShop/index.php - 
May 4, 2022, 12:21 pm - ::1 - Mozilla/5.0 (Windows NT 10.0; Win64; x64) AppleWebKit/537.36 (KHTML, like Gecko) Chrome/99.0.4844.82 Safari/537.36 - https://localhost/OpenShop/articles/ - /OpenShop/index.php - 
May 4, 2022, 12:22 pm - ::1 - Mozilla/5.0 (Windows NT 10.0; Win64; x64) AppleWebKit/537.36 (KHTML, like Gecko) Chrome/99.0.4844.82 Safari/537.36 - https://localhost/OpenShop/blog/ - /OpenShop/index.php - 
May 4, 2022, 12:22 pm - ::1 - Mozilla/5.0 (Windows NT 10.0; Win64; x64) AppleWebKit/537.36 (KHTML, like Gecko) Chrome/99.0.4844.82 Safari/537.36 - https://localhost/OpenShop/blog/ - /OpenShop/index.php - 
May 4, 2022, 12:23 pm - ::1 - Mozilla/5.0 (Windows NT 10.0; Win64; x64) AppleWebKit/537.36 (KHTML, like Gecko) Chrome/99.0.4844.82 Safari/537.36 - https://localhost/OpenShop/cart/ - /OpenShop/index.php - 
May 4, 2022, 12:23 pm - ::1 - Mozilla/5.0 (Windows NT 10.0; Win64; x64) AppleWebKit/537.36 (KHTML, like Gecko) Chrome/99.0.4844.82 Safari/537.36 - https://localhost/OpenShop/cart/ - /OpenShop/index.php - 
May 4, 2022, 12:23 pm - ::1 - Mozilla/5.0 (Windows NT 10.0; Win64; x64) AppleWebKit/537.36 (KHTML, like Gecko) Chrome/99.0.4844.82 Safari/537.36 - https://localhost/OpenShop/cart/ - /OpenShop/index.php - 
May 4, 2022, 12:23 pm - ::1 - Mozilla/5.0 (Windows NT 10.0; Win64; x64) AppleWebKit/537.36 (KHTML, like Gecko) Chrome/99.0.4844.82 Safari/537.36 - https://localhost/OpenShop/cart/ - /OpenShop/index.php - 
May 4, 2022, 12:24 pm - ::1 - Mozilla/5.0 (Windows NT 10.0; Win64; x64) AppleWebKit/537.36 (KHTML, like Gecko) Chrome/99.0.4844.82 Safari/537.36 - https://localhost/OpenShop/cart/ - /OpenShop/index.php - 
May 4, 2022, 12:24 pm - ::1 - Mozilla/5.0 (Windows NT 10.0; Win64; x64) AppleWebKit/537.36 (KHTML, like Gecko) Chrome/99.0.4844.82 Safari/537.36 - https://localhost/OpenShop/cart/ - /OpenShop/index.php - 
May 4, 2022, 12:24 pm - ::1 - Mozilla/5.0 (Windows NT 10.0; Win64; x64) AppleWebKit/537.36 (KHTML, like Gecko) Chrome/99.0.4844.82 Safari/537.36 - https://localhost/OpenShop/category/watches/item/watches/lace-watch/1000008/1/ - /OpenShop/index.php - 
May 4, 2022, 12:24 pm - ::1 - Mozilla/5.0 (Windows NT 10.0; Win64; x64) AppleWebKit/537.36 (KHTML, like Gecko) Chrome/99.0.4844.82 Safari/537.36 - https://localhost/OpenShop/category/watches/item/watches/lace-watch/1000008/1/ - /OpenShop/index.php - 
May 4, 2022, 12:26 pm - ::1 - Mozilla/5.0 (Windows NT 10.0; Win64; x64) AppleWebKit/537.36 (KHTML, like Gecko) Chrome/99.0.4844.82 Safari/537.36 - https://localhost/OpenShop/cart/ - /OpenShop/index.php - 
May 4, 2022, 12:26 pm - ::1 - Mozilla/5.0 (Windows NT 10.0; Win64; x64) AppleWebKit/537.36 (KHTML, like Gecko) Chrome/99.0.4844.82 Safari/537.36 - https://localhost/OpenShop/cart/ - /OpenShop/index.php - 
May 4, 2022, 12:26 pm - ::1 - Mozilla/5.0 (Windows NT 10.0; Win64; x64) AppleWebKit/537.36 (KHTML, like Gecko) Chrome/99.0.4844.82 Safari/537.36 - https://localhost/OpenShop/cart/ - /OpenShop/index.php - 
May 4, 2022, 12:26 pm - ::1 - Mozilla/5.0 (Windows NT 10.0; Win64; x64) AppleWebKit/537.36 (KHTML, like Gecko) Chrome/99.0.4844.82 Safari/537.36 - https://localhost/OpenShop/cart/ - /OpenShop/index.php - 
May 4, 2022, 12:26 pm - ::1 - Mozilla/5.0 (Windows NT 10.0; Win64; x64) AppleWebKit/537.36 (KHTML, like Gecko) Chrome/99.0.4844.82 Safari/537.36 - https://localhost/OpenShop/ - /OpenShop/index.php - 
May 4, 2022, 12:26 pm - ::1 - Mozilla/5.0 (Windows NT 10.0; Win64; x64) AppleWebKit/537.36 (KHTML, like Gecko) Chrome/99.0.4844.82 Safari/537.36 - https://localhost/OpenShop/ - /OpenShop/index.php - 
May 4, 2022, 12:37 pm - ::1 - Mozilla/5.0 (Windows NT 10.0; Win64; x64) AppleWebKit/537.36 (KHTML, like Gecko) Chrome/99.0.4844.82 Safari/537.36 - no-referer - /OpenShop/index.php - 
May 4, 2022, 12:37 pm - ::1 - Mozilla/5.0 (Windows NT 10.0; Win64; x64) AppleWebKit/537.36 (KHTML, like Gecko) Chrome/99.0.4844.82 Safari/537.36 - no-referer - /OpenShop/index.php - 
May 4, 2022, 12:39 pm - ::1 - Mozilla/5.0 (Windows NT 10.0; Win64; x64) AppleWebKit/537.36 (KHTML, like Gecko) Chrome/99.0.4844.82 Safari/537.36 - https://localhost/OpenShop/cart/ - /OpenShop/index.php - 
May 4, 2022, 12:39 pm - ::1 - Mozilla/5.0 (Windows NT 10.0; Win64; x64) AppleWebKit/537.36 (KHTML, like Gecko) Chrome/99.0.4844.82 Safari/537.36 - https://localhost/OpenShop/cart/ - /OpenShop/index.php - 
May 4, 2022, 12:39 pm - ::1 - Mozilla/5.0 (Windows NT 10.0; Win64; x64) AppleWebKit/537.36 (KHTML, like Gecko) Chrome/99.0.4844.82 Safari/537.36 - https://localhost/OpenShop/cart/ - /OpenShop/index.php - 
May 4, 2022, 12:41 pm - ::1 - Mozilla/5.0 (Windows NT 10.0; Win64; x64) AppleWebKit/537.36 (KHTML, like Gecko) Chrome/99.0.4844.82 Safari/537.36 - https://localhost/OpenShop/cart/ - /OpenShop/index.php - 
May 4, 2022, 12:41 pm - ::1 - Mozilla/5.0 (Windows NT 10.0; Win64; x64) AppleWebKit/537.36 (KHTML, like Gecko) Chrome/99.0.4844.82 Safari/537.36 - https://localhost/OpenShop/cart/ - /OpenShop/index.php - 
May 4, 2022, 12:41 pm - ::1 - Mozilla/5.0 (Windows NT 10.0; Win64; x64) AppleWebKit/537.36 (KHTML, like Gecko) Chrome/99.0.4844.82 Safari/537.36 - https://localhost/OpenShop/cart/ - /OpenShop/index.php - 
May 4, 2022, 12:41 pm - ::1 - Mozilla/5.0 (Windows NT 10.0; Win64; x64) AppleWebKit/537.36 (KHTML, like Gecko) Chrome/99.0.4844.82 Safari/537.36 - https://localhost/OpenShop/cart/ - /OpenShop/index.php - 
May 4, 2022, 12:41 pm - ::1 - Mozilla/5.0 (Windows NT 10.0; Win64; x64) AppleWebKit/537.36 (KHTML, like Gecko) Chrome/99.0.4844.82 Safari/537.36 - https://localhost/OpenShop/cart/ - /OpenShop/index.php - 
May 4, 2022, 12:43 pm - ::1 - Mozilla/5.0 (Windows NT 10.0; Win64; x64) AppleWebKit/537.36 (KHTML, like Gecko) Chrome/99.0.4844.82 Safari/537.36 - https://localhost/OpenShop/articles/1/lorem-ipsum-dolor-sit-amet/ - /OpenShop/index.php - 
May 4, 2022, 12:43 pm - ::1 - Mozilla/5.0 (Windows NT 10.0; Win64; x64) AppleWebKit/537.36 (KHTML, like Gecko) Chrome/99.0.4844.82 Safari/537.36 - https://localhost/OpenShop/articles/1/lorem-ipsum-dolor-sit-amet/ - /OpenShop/index.php - 
May 4, 2022, 12:47 pm - ::1 - Mozilla/5.0 (Windows NT 10.0; Win64; x64) AppleWebKit/537.36 (KHTML, like Gecko) Chrome/99.0.4844.82 Safari/537.36 - https://localhost/OpenShop/cart/ - /OpenShop/index.php - 
May 4, 2022, 12:47 pm - ::1 - Mozilla/5.0 (Windows NT 10.0; Win64; x64) AppleWebKit/537.36 (KHTML, like Gecko) Chrome/99.0.4844.82 Safari/537.36 - https://localhost/OpenShop/cart/ - /OpenShop/index.php - 
May 4, 2022, 12:47 pm - ::1 - Mozilla/5.0 (Windows NT 10.0; Win64; x64) AppleWebKit/537.36 (KHTML, like Gecko) Chrome/99.0.4844.82 Safari/537.36 - https://localhost/OpenShop/ - /OpenShop/index.php - 
May 4, 2022, 12:47 pm - ::1 - Mozilla/5.0 (Windows NT 10.0; Win64; x64) AppleWebKit/537.36 (KHTML, like Gecko) Chrome/99.0.4844.82 Safari/537.36 - https://localhost/OpenShop/ - /OpenShop/index.php - 
May 4, 2022, 12:58 pm - ::1 - Mozilla/5.0 (Windows NT 10.0; Win64; x64) AppleWebKit/537.36 (KHTML, like Gecko) Chrome/99.0.4844.82 Safari/537.36 - https://localhost/OpenShop/cart/ - /OpenShop/index.php - 
May 4, 2022, 12:58 pm - ::1 - Mozilla/5.0 (Windows NT 10.0; Win64; x64) AppleWebKit/537.36 (KHTML, like Gecko) Chrome/99.0.4844.82 Safari/537.36 - https://localhost/OpenShop/cart/ - /OpenShop/index.php - 
May 4, 2022, 12:58 pm - ::1 - Mozilla/5.0 (Windows NT 10.0; Win64; x64) AppleWebKit/537.36 (KHTML, like Gecko) Chrome/99.0.4844.82 Safari/537.36 - https://localhost/OpenShop/cart/ - /OpenShop/index.php - 
May 4, 2022, 12:58 pm - ::1 - Mozilla/5.0 (Windows NT 10.0; Win64; x64) AppleWebKit/537.36 (KHTML, like Gecko) Chrome/99.0.4844.82 Safari/537.36 - https://localhost/OpenShop/cart/ - /OpenShop/index.php - 
May 4, 2022, 12:58 pm - ::1 - Mozilla/5.0 (Windows NT 10.0; Win64; x64) AppleWebKit/537.36 (KHTML, like Gecko) Chrome/99.0.4844.82 Safari/537.36 - https://localhost/OpenShop/cart/ - /OpenShop/index.php - 
May 4, 2022, 12:58 pm - ::1 - Mozilla/5.0 (Windows NT 10.0; Win64; x64) AppleWebKit/537.36 (KHTML, like Gecko) Chrome/99.0.4844.82 Safari/537.36 - https://localhost/OpenShop/cart/ - /OpenShop/index.php - 
May 4, 2022, 1:02 pm - ::1 - Mozilla/5.0 (Windows NT 10.0; Win64; x64) AppleWebKit/537.36 (KHTML, like Gecko) Chrome/99.0.4844.82 Safari/537.36 - https://localhost/OpenShop/cart/ - /OpenShop/index.php - 
May 4, 2022, 1:02 pm - ::1 - Mozilla/5.0 (Windows NT 10.0; Win64; x64) AppleWebKit/537.36 (KHTML, like Gecko) Chrome/99.0.4844.82 Safari/537.36 - https://localhost/OpenShop/cart/ - /OpenShop/index.php - 
May 4, 2022, 1:02 pm - ::1 - Mozilla/5.0 (Windows NT 10.0; Win64; x64) AppleWebKit/537.36 (KHTML, like Gecko) Chrome/99.0.4844.82 Safari/537.36 - https://localhost/OpenShop/cart/ - /OpenShop/index.php - 
May 4, 2022, 1:02 pm - ::1 - Mozilla/5.0 (Windows NT 10.0; Win64; x64) AppleWebKit/537.36 (KHTML, like Gecko) Chrome/99.0.4844.82 Safari/537.36 - https://localhost/OpenShop/cart/ - /OpenShop/index.php - 
May 5, 2022, 6:52 am - ::1 - Mozilla/5.0 (Windows NT 10.0; Win64; x64) AppleWebKit/537.36 (KHTML, like Gecko) Chrome/99.0.4844.82 Safari/537.36 - no-referer - /OpenShop/index.php - 
May 5, 2022, 6:52 am - ::1 - Mozilla/5.0 (Windows NT 10.0; Win64; x64) AppleWebKit/537.36 (KHTML, like Gecko) Chrome/99.0.4844.82 Safari/537.36 - no-referer - /OpenShop/index.php - 
May 5, 2022, 9:59 am - ::1 - Mozilla/5.0 (Windows NT 10.0; Win64; x64) AppleWebKit/537.36 (KHTML, like Gecko) Chrome/99.0.4844.82 Safari/537.36 - no-referer - /OpenShop/index.php - 
May 5, 2022, 9:59 am - ::1 - Mozilla/5.0 (Windows NT 10.0; Win64; x64) AppleWebKit/537.36 (KHTML, like Gecko) Chrome/99.0.4844.82 Safari/537.36 - no-referer - /OpenShop/index.php - 
May 5, 2022, 10:00 am - ::1 - Mozilla/5.0 (Windows NT 10.0; Win64; x64) AppleWebKit/537.36 (KHTML, like Gecko) Chrome/99.0.4844.82 Safari/537.36 - no-referer - /OpenShop/index.php - 
May 5, 2022, 10:00 am - ::1 - Mozilla/5.0 (Windows NT 10.0; Win64; x64) AppleWebKit/537.36 (KHTML, like Gecko) Chrome/99.0.4844.82 Safari/537.36 - no-referer - /OpenShop/index.php - 
May 5, 2022, 10:04 am - ::1 - Mozilla/5.0 (Windows NT 10.0; Win64; x64) AppleWebKit/537.36 (KHTML, like Gecko) Chrome/99.0.4844.82 Safari/537.36 - https://localhost/OpenShop/cart/ - /OpenShop/index.php - 
May 5, 2022, 10:04 am - ::1 - Mozilla/5.0 (Windows NT 10.0; Win64; x64) AppleWebKit/537.36 (KHTML, like Gecko) Chrome/99.0.4844.82 Safari/537.36 - https://localhost/OpenShop/cart/ - /OpenShop/index.php - 
May 5, 2022, 10:05 am - ::1 - Mozilla/5.0 (Windows NT 10.0; Win64; x64) AppleWebKit/537.36 (KHTML, like Gecko) Chrome/99.0.4844.82 Safari/537.36 - https://localhost/OpenShop/cart/ - /OpenShop/index.php - 
May 5, 2022, 10:05 am - ::1 - Mozilla/5.0 (Windows NT 10.0; Win64; x64) AppleWebKit/537.36 (KHTML, like Gecko) Chrome/99.0.4844.82 Safari/537.36 - https://localhost/OpenShop/cart/ - /OpenShop/index.php - 
May 5, 2022, 10:05 am - ::1 - Mozilla/5.0 (Windows NT 10.0; Win64; x64) AppleWebKit/537.36 (KHTML, like Gecko) Chrome/99.0.4844.82 Safari/537.36 - https://localhost/OpenShop/cart/ - /OpenShop/index.php - 
May 5, 2022, 10:05 am - ::1 - Mozilla/5.0 (Windows NT 10.0; Win64; x64) AppleWebKit/537.36 (KHTML, like Gecko) Chrome/99.0.4844.82 Safari/537.36 - https://localhost/OpenShop/cart/ - /OpenShop/index.php - 
May 5, 2022, 10:09 am - ::1 - Mozilla/5.0 (Windows NT 10.0; Win64; x64) AppleWebKit/537.36 (KHTML, like Gecko) Chrome/99.0.4844.82 Safari/537.36 - https://localhost/OpenShop/category/jewelry/item/jewelry/red-necklace/1000012/1/ - /OpenShop/index.php - 
May 5, 2022, 10:09 am - ::1 - Mozilla/5.0 (Windows NT 10.0; Win64; x64) AppleWebKit/537.36 (KHTML, like Gecko) Chrome/99.0.4844.82 Safari/537.36 - https://localhost/OpenShop/category/jewelry/item/jewelry/red-necklace/1000012/1/ - /OpenShop/index.php - 
May 5, 2022, 10:09 am - ::1 - Mozilla/5.0 (Windows NT 10.0; Win64; x64) AppleWebKit/537.36 (KHTML, like Gecko) Chrome/99.0.4844.82 Safari/537.36 - https://localhost/OpenShop/category/jewelry/item/jewelry/red-necklace/1000012/1/ - /OpenShop/index.php - 
May 5, 2022, 10:09 am - ::1 - Mozilla/5.0 (Windows NT 10.0; Win64; x64) AppleWebKit/537.36 (KHTML, like Gecko) Chrome/99.0.4844.82 Safari/537.36 - https://localhost/OpenShop/category/jewelry/item/jewelry/red-necklace/1000012/1/ - /OpenShop/index.php - 
May 5, 2022, 10:09 am - ::1 - Mozilla/5.0 (Windows NT 10.0; Win64; x64) AppleWebKit/537.36 (KHTML, like Gecko) Chrome/99.0.4844.82 Safari/537.36 - https://localhost/OpenShop/category/jewelry/item/jewelry/red-necklace/1000012/1/ - /OpenShop/index.php - 
May 5, 2022, 10:09 am - ::1 - Mozilla/5.0 (Windows NT 10.0; Win64; x64) AppleWebKit/537.36 (KHTML, like Gecko) Chrome/99.0.4844.82 Safari/537.36 - https://localhost/OpenShop/category/jewelry/item/jewelry/red-necklace/1000012/1/ - /OpenShop/index.php - 
May 5, 2022, 10:09 am - ::1 - Mozilla/5.0 (Windows NT 10.0; Win64; x64) AppleWebKit/537.36 (KHTML, like Gecko) Chrome/99.0.4844.82 Safari/537.36 - https://localhost/OpenShop/category/jewelry/item/jewelry/red-necklace/1000012/1/ - /OpenShop/index.php - 
May 5, 2022, 10:09 am - ::1 - Mozilla/5.0 (Windows NT 10.0; Win64; x64) AppleWebKit/537.36 (KHTML, like Gecko) Chrome/99.0.4844.82 Safari/537.36 - https://localhost/OpenShop/category/jewelry/item/jewelry/red-necklace/1000012/1/ - /OpenShop/index.php - 
May 5, 2022, 10:09 am - ::1 - Mozilla/5.0 (Windows NT 10.0; Win64; x64) AppleWebKit/537.36 (KHTML, like Gecko) Chrome/99.0.4844.82 Safari/537.36 - https://localhost/OpenShop/category/jewelry/item/jewelry/red-necklace/1000012/1/ - /OpenShop/index.php - 
May 5, 2022, 10:09 am - ::1 - Mozilla/5.0 (Windows NT 10.0; Win64; x64) AppleWebKit/537.36 (KHTML, like Gecko) Chrome/99.0.4844.82 Safari/537.36 - https://localhost/OpenShop/category/jewelry/item/jewelry/red-necklace/1000012/1/ - /OpenShop/index.php - 
May 5, 2022, 10:09 am - ::1 - Mozilla/5.0 (Windows NT 10.0; Win64; x64) AppleWebKit/537.36 (KHTML, like Gecko) Chrome/99.0.4844.82 Safari/537.36 - https://localhost/OpenShop/category/jewelry/item/jewelry/red-necklace/1000012/1/ - /OpenShop/index.php - 
May 5, 2022, 10:09 am - ::1 - Mozilla/5.0 (Windows NT 10.0; Win64; x64) AppleWebKit/537.36 (KHTML, like Gecko) Chrome/99.0.4844.82 Safari/537.36 - https://localhost/OpenShop/category/jewelry/item/jewelry/red-necklace/1000012/1/ - /OpenShop/index.php - 
May 5, 2022, 10:09 am - ::1 - Mozilla/5.0 (Windows NT 10.0; Win64; x64) AppleWebKit/537.36 (KHTML, like Gecko) Chrome/99.0.4844.82 Safari/537.36 - https://localhost/OpenShop/category/jewelry/item/jewelry/red-necklace/1000012/1/ - /OpenShop/index.php - 
May 5, 2022, 10:09 am - ::1 - Mozilla/5.0 (Windows NT 10.0; Win64; x64) AppleWebKit/537.36 (KHTML, like Gecko) Chrome/99.0.4844.82 Safari/537.36 - https://localhost/OpenShop/category/jewelry/item/jewelry/red-necklace/1000012/1/ - /OpenShop/index.php - 
May 5, 2022, 10:09 am - ::1 - Mozilla/5.0 (Windows NT 10.0; Win64; x64) AppleWebKit/537.36 (KHTML, like Gecko) Chrome/99.0.4844.82 Safari/537.36 - https://localhost/OpenShop/category/jewelry/item/jewelry/red-necklace/1000012/1/ - /OpenShop/index.php - 
May 5, 2022, 10:09 am - ::1 - Mozilla/5.0 (Windows NT 10.0; Win64; x64) AppleWebKit/537.36 (KHTML, like Gecko) Chrome/99.0.4844.82 Safari/537.36 - https://localhost/OpenShop/category/jewelry/item/jewelry/red-necklace/1000012/1/ - /OpenShop/index.php - 
May 5, 2022, 10:09 am - ::1 - Mozilla/5.0 (Windows NT 10.0; Win64; x64) AppleWebKit/537.36 (KHTML, like Gecko) Chrome/99.0.4844.82 Safari/537.36 - https://localhost/OpenShop/category/jewelry/item/jewelry/red-necklace/1000012/1/ - /OpenShop/index.php - 
May 5, 2022, 10:09 am - ::1 - Mozilla/5.0 (Windows NT 10.0; Win64; x64) AppleWebKit/537.36 (KHTML, like Gecko) Chrome/99.0.4844.82 Safari/537.36 - https://localhost/OpenShop/category/jewelry/item/jewelry/red-necklace/1000012/1/ - /OpenShop/index.php - 
May 5, 2022, 10:09 am - ::1 - Mozilla/5.0 (Windows NT 10.0; Win64; x64) AppleWebKit/537.36 (KHTML, like Gecko) Chrome/99.0.4844.82 Safari/537.36 - https://localhost/OpenShop/category/jewelry/item/jewelry/red-necklace/1000012/1/ - /OpenShop/index.php - 
May 5, 2022, 10:09 am - ::1 - Mozilla/5.0 (Windows NT 10.0; Win64; x64) AppleWebKit/537.36 (KHTML, like Gecko) Chrome/99.0.4844.82 Safari/537.36 - https://localhost/OpenShop/category/jewelry/item/jewelry/red-necklace/1000012/1/ - /OpenShop/index.php - 
May 5, 2022, 10:09 am - ::1 - Mozilla/5.0 (Windows NT 10.0; Win64; x64) AppleWebKit/537.36 (KHTML, like Gecko) Chrome/99.0.4844.82 Safari/537.36 - https://localhost/OpenShop/category/jewelry/item/jewelry/red-necklace/1000012/1/ - /OpenShop/index.php - 
May 5, 2022, 10:09 am - ::1 - Mozilla/5.0 (Windows NT 10.0; Win64; x64) AppleWebKit/537.36 (KHTML, like Gecko) Chrome/99.0.4844.82 Safari/537.36 - https://localhost/OpenShop/category/jewelry/item/jewelry/red-necklace/1000012/1/ - /OpenShop/index.php - 
May 5, 2022, 10:09 am - ::1 - Mozilla/5.0 (Windows NT 10.0; Win64; x64) AppleWebKit/537.36 (KHTML, like Gecko) Chrome/99.0.4844.82 Safari/537.36 - https://localhost/OpenShop/category/jewelry/item/jewelry/red-necklace/1000012/1/ - /OpenShop/index.php - 
May 5, 2022, 10:09 am - ::1 - Mozilla/5.0 (Windows NT 10.0; Win64; x64) AppleWebKit/537.36 (KHTML, like Gecko) Chrome/99.0.4844.82 Safari/537.36 - https://localhost/OpenShop/category/jewelry/item/jewelry/red-necklace/1000012/1/ - /OpenShop/index.php - 
May 5, 2022, 10:10 am - ::1 - Mozilla/5.0 (Windows NT 10.0; Win64; x64) AppleWebKit/537.36 (KHTML, like Gecko) Chrome/99.0.4844.82 Safari/537.36 - https://localhost/OpenShop/category/jewelry/item/jewelry/red-necklace/1000012/1/ - /OpenShop/index.php - 
May 5, 2022, 10:10 am - ::1 - Mozilla/5.0 (Windows NT 10.0; Win64; x64) AppleWebKit/537.36 (KHTML, like Gecko) Chrome/99.0.4844.82 Safari/537.36 - https://localhost/OpenShop/category/jewelry/item/jewelry/red-necklace/1000012/1/ - /OpenShop/index.php - 
May 5, 2022, 10:10 am - ::1 - Mozilla/5.0 (Windows NT 10.0; Win64; x64) AppleWebKit/537.36 (KHTML, like Gecko) Chrome/99.0.4844.82 Safari/537.36 - https://localhost/OpenShop/category/jewelry/item/jewelry/red-necklace/1000012/1/ - /OpenShop/index.php - 
May 5, 2022, 10:10 am - ::1 - Mozilla/5.0 (Windows NT 10.0; Win64; x64) AppleWebKit/537.36 (KHTML, like Gecko) Chrome/99.0.4844.82 Safari/537.36 - https://localhost/OpenShop/category/jewelry/item/jewelry/red-necklace/1000012/1/ - /OpenShop/index.php - 
May 5, 2022, 10:10 am - ::1 - Mozilla/5.0 (Windows NT 10.0; Win64; x64) AppleWebKit/537.36 (KHTML, like Gecko) Chrome/99.0.4844.82 Safari/537.36 - https://localhost/OpenShop/category/jewelry/item/jewelry/red-necklace/1000012/1/ - /OpenShop/index.php - 
May 5, 2022, 10:10 am - ::1 - Mozilla/5.0 (Windows NT 10.0; Win64; x64) AppleWebKit/537.36 (KHTML, like Gecko) Chrome/99.0.4844.82 Safari/537.36 - https://localhost/OpenShop/category/jewelry/item/jewelry/red-necklace/1000012/1/ - /OpenShop/index.php - 
May 5, 2022, 10:10 am - ::1 - Mozilla/5.0 (Windows NT 10.0; Win64; x64) AppleWebKit/537.36 (KHTML, like Gecko) Chrome/99.0.4844.82 Safari/537.36 - https://localhost/OpenShop/category/jewelry/item/jewelry/red-necklace/1000012/1/ - /OpenShop/index.php - 
May 5, 2022, 10:10 am - ::1 - Mozilla/5.0 (Windows NT 10.0; Win64; x64) AppleWebKit/537.36 (KHTML, like Gecko) Chrome/99.0.4844.82 Safari/537.36 - https://localhost/OpenShop/category/jewelry/item/jewelry/red-necklace/1000012/1/ - /OpenShop/index.php - 
May 5, 2022, 10:10 am - ::1 - Mozilla/5.0 (Windows NT 10.0; Win64; x64) AppleWebKit/537.36 (KHTML, like Gecko) Chrome/99.0.4844.82 Safari/537.36 - https://localhost/OpenShop/category/jewelry/item/jewelry/red-necklace/1000012/1/ - /OpenShop/index.php - 
May 5, 2022, 10:10 am - ::1 - Mozilla/5.0 (Windows NT 10.0; Win64; x64) AppleWebKit/537.36 (KHTML, like Gecko) Chrome/99.0.4844.82 Safari/537.36 - https://localhost/OpenShop/category/jewelry/item/jewelry/red-necklace/1000012/1/ - /OpenShop/index.php - 
May 5, 2022, 10:10 am - ::1 - Mozilla/5.0 (Windows NT 10.0; Win64; x64) AppleWebKit/537.36 (KHTML, like Gecko) Chrome/99.0.4844.82 Safari/537.36 - https://localhost/OpenShop/category/jewelry/item/jewelry/red-necklace/1000012/1/ - /OpenShop/index.php - 
May 5, 2022, 10:10 am - ::1 - Mozilla/5.0 (Windows NT 10.0; Win64; x64) AppleWebKit/537.36 (KHTML, like Gecko) Chrome/99.0.4844.82 Safari/537.36 - https://localhost/OpenShop/category/jewelry/item/jewelry/red-necklace/1000012/1/ - /OpenShop/index.php - 
May 5, 2022, 10:10 am - ::1 - Mozilla/5.0 (Windows NT 10.0; Win64; x64) AppleWebKit/537.36 (KHTML, like Gecko) Chrome/99.0.4844.82 Safari/537.36 - https://localhost/OpenShop/category/jewelry/item/jewelry/red-necklace/1000012/1/ - /OpenShop/index.php - 
May 5, 2022, 10:10 am - ::1 - Mozilla/5.0 (Windows NT 10.0; Win64; x64) AppleWebKit/537.36 (KHTML, like Gecko) Chrome/99.0.4844.82 Safari/537.36 - https://localhost/OpenShop/category/jewelry/item/jewelry/red-necklace/1000012/1/ - /OpenShop/index.php - 
May 5, 2022, 10:11 am - ::1 - Mozilla/5.0 (Windows NT 10.0; Win64; x64) AppleWebKit/537.36 (KHTML, like Gecko) Chrome/99.0.4844.82 Safari/537.36 - https://localhost/OpenShop/category/index/item/index/product-1/10000001/1/ - /OpenShop/index.php - 
May 5, 2022, 10:11 am - ::1 - Mozilla/5.0 (Windows NT 10.0; Win64; x64) AppleWebKit/537.36 (KHTML, like Gecko) Chrome/99.0.4844.82 Safari/537.36 - https://localhost/OpenShop/category/index/item/index/product-1/10000001/1/ - /OpenShop/index.php - 
May 5, 2022, 10:11 am - ::1 - Mozilla/5.0 (Windows NT 10.0; Win64; x64) AppleWebKit/537.36 (KHTML, like Gecko) Chrome/99.0.4844.82 Safari/537.36 - https://localhost/OpenShop/blog/ - /OpenShop/index.php - 
May 5, 2022, 10:11 am - ::1 - Mozilla/5.0 (Windows NT 10.0; Win64; x64) AppleWebKit/537.36 (KHTML, like Gecko) Chrome/99.0.4844.82 Safari/537.36 - https://localhost/OpenShop/blog/ - /OpenShop/index.php - 
May 5, 2022, 10:12 am - ::1 - Mozilla/5.0 (Windows NT 10.0; Win64; x64) AppleWebKit/537.36 (KHTML, like Gecko) Chrome/99.0.4844.82 Safari/537.36 - https://localhost/OpenShop/category/watches/ - /OpenShop/index.php - 
May 5, 2022, 10:12 am - ::1 - Mozilla/5.0 (Windows NT 10.0; Win64; x64) AppleWebKit/537.36 (KHTML, like Gecko) Chrome/99.0.4844.82 Safari/537.36 - https://localhost/OpenShop/category/watches/ - /OpenShop/index.php - 
May 5, 2022, 10:12 am - ::1 - Mozilla/5.0 (Windows NT 10.0; Win64; x64) AppleWebKit/537.36 (KHTML, like Gecko) Chrome/99.0.4844.82 Safari/537.36 - https://localhost/OpenShop/cart/ - /OpenShop/index.php - 
May 5, 2022, 10:12 am - ::1 - Mozilla/5.0 (Windows NT 10.0; Win64; x64) AppleWebKit/537.36 (KHTML, like Gecko) Chrome/99.0.4844.82 Safari/537.36 - https://localhost/OpenShop/cart/ - /OpenShop/index.php - 
May 5, 2022, 10:13 am - ::1 - Mozilla/5.0 (Windows NT 10.0; Win64; x64) AppleWebKit/537.36 (KHTML, like Gecko) Chrome/99.0.4844.82 Safari/537.36 - https://localhost/OpenShop/category/index/item/index/product-1/10000001/1/ - /OpenShop/index.php - 
May 5, 2022, 10:13 am - ::1 - Mozilla/5.0 (Windows NT 10.0; Win64; x64) AppleWebKit/537.36 (KHTML, like Gecko) Chrome/99.0.4844.82 Safari/537.36 - https://localhost/OpenShop/category/index/item/index/product-1/10000001/1/ - /OpenShop/index.php - 
May 5, 2022, 10:43 am - ::1 - Mozilla/5.0 (Windows NT 10.0; Win64; x64) AppleWebKit/537.36 (KHTML, like Gecko) Chrome/99.0.4844.82 Safari/537.36 - https://localhost/OpenShop/category/index/item/index/product-1/10000001/1/ - /OpenShop/index.php - 
May 5, 2022, 10:43 am - ::1 - Mozilla/5.0 (Windows NT 10.0; Win64; x64) AppleWebKit/537.36 (KHTML, like Gecko) Chrome/99.0.4844.82 Safari/537.36 - https://localhost/OpenShop/category/index/item/index/product-1/10000001/1/ - /OpenShop/index.php - 
May 5, 2022, 10:43 am - ::1 - Mozilla/5.0 (Windows NT 10.0; Win64; x64) AppleWebKit/537.36 (KHTML, like Gecko) Chrome/99.0.4844.82 Safari/537.36 - https://localhost/OpenShop/category/index/item/index/product-1/10000001/1/ - /OpenShop/index.php - 
May 5, 2022, 10:43 am - ::1 - Mozilla/5.0 (Windows NT 10.0; Win64; x64) AppleWebKit/537.36 (KHTML, like Gecko) Chrome/99.0.4844.82 Safari/537.36 - https://localhost/OpenShop/category/index/item/index/product-1/10000001/1/ - /OpenShop/index.php - 
May 5, 2022, 11:02 am - ::1 - Mozilla/5.0 (Windows NT 10.0; Win64; x64) AppleWebKit/537.36 (KHTML, like Gecko) Chrome/99.0.4844.82 Safari/537.36 - no-referer - /OpenShop/index.php - 
May 5, 2022, 11:02 am - ::1 - Mozilla/5.0 (Windows NT 10.0; Win64; x64) AppleWebKit/537.36 (KHTML, like Gecko) Chrome/99.0.4844.82 Safari/537.36 - no-referer - /OpenShop/index.php - 
May 5, 2022, 11:02 am - ::1 - Mozilla/5.0 (Windows NT 10.0; Win64; x64) AppleWebKit/537.36 (KHTML, like Gecko) Chrome/99.0.4844.82 Safari/537.36 - no-referer - /OpenShop/index.php - 
May 5, 2022, 11:07 am - ::1 - Mozilla/5.0 (Windows NT 10.0; Win64; x64) AppleWebKit/537.36 (KHTML, like Gecko) Chrome/99.0.4844.82 Safari/537.36 - https://localhost/OpenShop/payment/paypal/Checkout.php - /OpenShop/index.php - 
May 5, 2022, 11:07 am - ::1 - Mozilla/5.0 (Windows NT 10.0; Win64; x64) AppleWebKit/537.36 (KHTML, like Gecko) Chrome/99.0.4844.82 Safari/537.36 - https://localhost/OpenShop/payment/paypal/Checkout.php - /OpenShop/index.php - 
May 5, 2022, 11:07 am - ::1 - Mozilla/5.0 (Windows NT 10.0; Win64; x64) AppleWebKit/537.36 (KHTML, like Gecko) Chrome/99.0.4844.82 Safari/537.36 - https://localhost/OpenShop/category/index/item/index/product-26/10000026/1/ - /OpenShop/index.php - 
May 5, 2022, 11:07 am - ::1 - Mozilla/5.0 (Windows NT 10.0; Win64; x64) AppleWebKit/537.36 (KHTML, like Gecko) Chrome/99.0.4844.82 Safari/537.36 - https://localhost/OpenShop/category/index/item/index/product-26/10000026/1/ - /OpenShop/index.php - 
May 5, 2022, 11:07 am - ::1 - Mozilla/5.0 (Windows NT 10.0; Win64; x64) AppleWebKit/537.36 (KHTML, like Gecko) Chrome/99.0.4844.82 Safari/537.36 - https://localhost/OpenShop/bargain/1:10 - /OpenShop/index.php - 
May 5, 2022, 11:07 am - ::1 - Mozilla/5.0 (Windows NT 10.0; Win64; x64) AppleWebKit/537.36 (KHTML, like Gecko) Chrome/99.0.4844.82 Safari/537.36 - https://localhost/OpenShop/bargain/1:10 - /OpenShop/index.php - 
May 5, 2022, 11:18 am - ::1 - Mozilla/5.0 (Windows NT 10.0; Win64; x64) AppleWebKit/537.36 (KHTML, like Gecko) Chrome/99.0.4844.82 Safari/537.36 - no-referer - /OpenShop/index.php - 
May 5, 2022, 11:20 am - ::1 - Mozilla/5.0 (Windows NT 10.0; Win64; x64) AppleWebKit/537.36 (KHTML, like Gecko) Chrome/99.0.4844.82 Safari/537.36 - no-referer - /OpenShop/index.php - 
May 5, 2022, 11:23 am - ::1 - Mozilla/5.0 (Windows NT 10.0; Win64; x64) AppleWebKit/537.36 (KHTML, like Gecko) Chrome/99.0.4844.82 Safari/537.36 - no-referer - /OpenShop/index.php - 
May 5, 2022, 11:28 am - ::1 - Mozilla/5.0 (Windows NT 10.0; Win64; x64) AppleWebKit/537.36 (KHTML, like Gecko) Chrome/99.0.4844.82 Safari/537.36 - no-referer - /OpenShop/index.php - 
May 5, 2022, 11:30 am - ::1 - Mozilla/5.0 (Windows NT 10.0; Win64; x64) AppleWebKit/537.36 (KHTML, like Gecko) Chrome/99.0.4844.82 Safari/537.36 - no-referer - /OpenShop/index.php - 
May 5, 2022, 11:31 am - ::1 - Mozilla/5.0 (Windows NT 10.0; Win64; x64) AppleWebKit/537.36 (KHTML, like Gecko) Chrome/99.0.4844.82 Safari/537.36 - no-referer - /OpenShop/index.php - 
May 5, 2022, 11:35 am - ::1 - Mozilla/5.0 (Windows NT 10.0; Win64; x64) AppleWebKit/537.36 (KHTML, like Gecko) Chrome/99.0.4844.82 Safari/537.36 - no-referer - /OpenShop/index.php - 
May 5, 2022, 11:44 am - ::1 - Mozilla/5.0 (Windows NT 10.0; Win64; x64) AppleWebKit/537.36 (KHTML, like Gecko) Chrome/99.0.4844.82 Safari/537.36 - no-referer - /OpenShop/index.php - 
May 5, 2022, 11:54 am - ::1 - Mozilla/5.0 (Windows NT 10.0; Win64; x64) AppleWebKit/537.36 (KHTML, like Gecko) Chrome/99.0.4844.82 Safari/537.36 - no-referer - /OpenShop/index.php - 
May 5, 2022, 12:17 pm - ::1 - Mozilla/5.0 (Windows NT 10.0; Win64; x64) AppleWebKit/537.36 (KHTML, like Gecko) Chrome/99.0.4844.82 Safari/537.36 - no-referer - /OpenShop/index.php - 
May 5, 2022, 12:28 pm - ::1 - Mozilla/5.0 (Windows NT 10.0; Win64; x64) AppleWebKit/537.36 (KHTML, like Gecko) Chrome/99.0.4844.82 Safari/537.36 - no-referer - /OpenShop/index.php - 
May 5, 2022, 12:29 pm - ::1 - Mozilla/5.0 (Windows NT 10.0; Win64; x64) AppleWebKit/537.36 (KHTML, like Gecko) Chrome/99.0.4844.82 Safari/537.36 - no-referer - /OpenShop/index.php - 
May 5, 2022, 12:32 pm - ::1 - Mozilla/5.0 (Windows NT 10.0; Win64; x64) AppleWebKit/537.36 (KHTML, like Gecko) Chrome/99.0.4844.82 Safari/537.36 - no-referer - /OpenShop/index.php - 
May 5, 2022, 12:32 pm - ::1 - Mozilla/5.0 (Windows NT 10.0; Win64; x64) AppleWebKit/537.36 (KHTML, like Gecko) Chrome/99.0.4844.82 Safari/537.36 - no-referer - /OpenShop/index.php - 
May 5, 2022, 12:49 pm - ::1 - Mozilla/5.0 (Windows NT 10.0; Win64; x64) AppleWebKit/537.36 (KHTML, like Gecko) Chrome/99.0.4844.82 Safari/537.36 - no-referer - /OpenShop/index.php - 
May 5, 2022, 12:49 pm - ::1 - Mozilla/5.0 (Windows NT 10.0; Win64; x64) AppleWebKit/537.36 (KHTML, like Gecko) Chrome/99.0.4844.82 Safari/537.36 - no-referer - /OpenShop/index.php - 
May 5, 2022, 12:49 pm - ::1 - Mozilla/5.0 (Windows NT 10.0; Win64; x64) AppleWebKit/537.36 (KHTML, like Gecko) Chrome/99.0.4844.82 Safari/537.36 - no-referer - /OpenShop/index.php - 
May 5, 2022, 1:08 pm - ::1 - Mozilla/5.0 (Windows NT 10.0; Win64; x64) AppleWebKit/537.36 (KHTML, like Gecko) Chrome/99.0.4844.82 Safari/537.36 - no-referer - /OpenShop/index.php - 
May 5, 2022, 1:20 pm - ::1 - Mozilla/5.0 (Windows NT 10.0; Win64; x64) AppleWebKit/537.36 (KHTML, like Gecko) Chrome/99.0.4844.82 Safari/537.36 - no-referer - /OpenShop/index.php - 
May 5, 2022, 1:21 pm - ::1 - Mozilla/5.0 (Windows NT 10.0; Win64; x64) AppleWebKit/537.36 (KHTML, like Gecko) Chrome/99.0.4844.82 Safari/537.36 - no-referer - /OpenShop/index.php - 
May 5, 2022, 1:21 pm - ::1 - Mozilla/5.0 (Windows NT 10.0; Win64; x64) AppleWebKit/537.36 (KHTML, like Gecko) Chrome/99.0.4844.82 Safari/537.36 - no-referer - /OpenShop/index.php - 
May 5, 2022, 1:22 pm - ::1 - Mozilla/5.0 (Windows NT 10.0; Win64; x64) AppleWebKit/537.36 (KHTML, like Gecko) Chrome/99.0.4844.82 Safari/537.36 - no-referer - /OpenShop/index.php - 
May 5, 2022, 1:23 pm - ::1 - Mozilla/5.0 (Windows NT 10.0; Win64; x64) AppleWebKit/537.36 (KHTML, like Gecko) Chrome/99.0.4844.82 Safari/537.36 - no-referer - /OpenShop/index.php - 
May 5, 2022, 1:24 pm - ::1 - Mozilla/5.0 (Windows NT 10.0; Win64; x64) AppleWebKit/537.36 (KHTML, like Gecko) Chrome/99.0.4844.82 Safari/537.36 - no-referer - /OpenShop/index.php - 
May 5, 2022, 1:24 pm - ::1 - Mozilla/5.0 (Windows NT 10.0; Win64; x64) AppleWebKit/537.36 (KHTML, like Gecko) Chrome/99.0.4844.82 Safari/537.36 - no-referer - /OpenShop/index.php - 
May 5, 2022, 1:25 pm - ::1 - Mozilla/5.0 (Windows NT 10.0; Win64; x64) AppleWebKit/537.36 (KHTML, like Gecko) Chrome/99.0.4844.82 Safari/537.36 - no-referer - /OpenShop/index.php - 
May 5, 2022, 1:25 pm - ::1 - Mozilla/5.0 (Windows NT 10.0; Win64; x64) AppleWebKit/537.36 (KHTML, like Gecko) Chrome/99.0.4844.82 Safari/537.36 - no-referer - /OpenShop/index.php - 
May 5, 2022, 1:27 pm - ::1 - Mozilla/5.0 (Windows NT 10.0; Win64; x64) AppleWebKit/537.36 (KHTML, like Gecko) Chrome/99.0.4844.82 Safari/537.36 - no-referer - /OpenShop/index.php - 
May 5, 2022, 1:28 pm - ::1 - Mozilla/5.0 (Windows NT 10.0; Win64; x64) AppleWebKit/537.36 (KHTML, like Gecko) Chrome/99.0.4844.82 Safari/537.36 - no-referer - /OpenShop/index.php - 
May 5, 2022, 1:28 pm - ::1 - Mozilla/5.0 (Windows NT 10.0; Win64; x64) AppleWebKit/537.36 (KHTML, like Gecko) Chrome/99.0.4844.82 Safari/537.36 - no-referer - /OpenShop/index.php - 
May 5, 2022, 1:29 pm - ::1 - Mozilla/5.0 (Windows NT 10.0; Win64; x64) AppleWebKit/537.36 (KHTML, like Gecko) Chrome/99.0.4844.82 Safari/537.36 - no-referer - /OpenShop/index.php - 
May 5, 2022, 1:29 pm - ::1 - Mozilla/5.0 (Windows NT 10.0; Win64; x64) AppleWebKit/537.36 (KHTML, like Gecko) Chrome/99.0.4844.82 Safari/537.36 - no-referer - /OpenShop/index.php - 
May 5, 2022, 1:29 pm - ::1 - Mozilla/5.0 (Windows NT 10.0; Win64; x64) AppleWebKit/537.36 (KHTML, like Gecko) Chrome/99.0.4844.82 Safari/537.36 - no-referer - /OpenShop/index.php - 
May 5, 2022, 1:30 pm - ::1 - Mozilla/5.0 (Windows NT 10.0; Win64; x64) AppleWebKit/537.36 (KHTML, like Gecko) Chrome/99.0.4844.82 Safari/537.36 - no-referer - /OpenShop/index.php - 
May 5, 2022, 1:30 pm - ::1 - Mozilla/5.0 (Windows NT 10.0; Win64; x64) AppleWebKit/537.36 (KHTML, like Gecko) Chrome/99.0.4844.82 Safari/537.36 - no-referer - /OpenShop/index.php - 
May 5, 2022, 1:30 pm - ::1 - Mozilla/5.0 (Windows NT 10.0; Win64; x64) AppleWebKit/537.36 (KHTML, like Gecko) Chrome/99.0.4844.82 Safari/537.36 - no-referer - /OpenShop/index.php - 
May 5, 2022, 1:32 pm - ::1 - Mozilla/5.0 (Windows NT 10.0; Win64; x64) AppleWebKit/537.36 (KHTML, like Gecko) Chrome/99.0.4844.82 Safari/537.36 - no-referer - /OpenShop/index.php - 
May 5, 2022, 1:32 pm - ::1 - Mozilla/5.0 (Windows NT 10.0; Win64; x64) AppleWebKit/537.36 (KHTML, like Gecko) Chrome/99.0.4844.82 Safari/537.36 - no-referer - /OpenShop/index.php - 
May 5, 2022, 1:32 pm - ::1 - Mozilla/5.0 (Windows NT 10.0; Win64; x64) AppleWebKit/537.36 (KHTML, like Gecko) Chrome/99.0.4844.82 Safari/537.36 - no-referer - /OpenShop/index.php - 
May 5, 2022, 1:33 pm - ::1 - Mozilla/5.0 (Windows NT 10.0; Win64; x64) AppleWebKit/537.36 (KHTML, like Gecko) Chrome/99.0.4844.82 Safari/537.36 - no-referer - /OpenShop/index.php - 
May 5, 2022, 1:33 pm - ::1 - Mozilla/5.0 (Windows NT 10.0; Win64; x64) AppleWebKit/537.36 (KHTML, like Gecko) Chrome/99.0.4844.82 Safari/537.36 - no-referer - /OpenShop/index.php - 
May 5, 2022, 1:34 pm - ::1 - Mozilla/5.0 (Windows NT 10.0; Win64; x64) AppleWebKit/537.36 (KHTML, like Gecko) Chrome/99.0.4844.82 Safari/537.36 - no-referer - /OpenShop/index.php - 
May 5, 2022, 1:35 pm - ::1 - Mozilla/5.0 (Windows NT 10.0; Win64; x64) AppleWebKit/537.36 (KHTML, like Gecko) Chrome/99.0.4844.82 Safari/537.36 - no-referer - /OpenShop/index.php - 
May 5, 2022, 1:35 pm - ::1 - Mozilla/5.0 (Windows NT 10.0; Win64; x64) AppleWebKit/537.36 (KHTML, like Gecko) Chrome/99.0.4844.82 Safari/537.36 - no-referer - /OpenShop/index.php - 
May 5, 2022, 1:36 pm - ::1 - Mozilla/5.0 (Windows NT 10.0; Win64; x64) AppleWebKit/537.36 (KHTML, like Gecko) Chrome/99.0.4844.82 Safari/537.36 - no-referer - /OpenShop/index.php - 
May 5, 2022, 1:36 pm - ::1 - Mozilla/5.0 (Windows NT 10.0; Win64; x64) AppleWebKit/537.36 (KHTML, like Gecko) Chrome/99.0.4844.82 Safari/537.36 - no-referer - /OpenShop/index.php - 
May 5, 2022, 1:38 pm - ::1 - Mozilla/5.0 (Windows NT 10.0; Win64; x64) AppleWebKit/537.36 (KHTML, like Gecko) Chrome/99.0.4844.82 Safari/537.36 - no-referer - /OpenShop/index.php - 
May 5, 2022, 1:38 pm - ::1 - Mozilla/5.0 (Windows NT 10.0; Win64; x64) AppleWebKit/537.36 (KHTML, like Gecko) Chrome/99.0.4844.82 Safari/537.36 - no-referer - /OpenShop/index.php - 
May 5, 2022, 1:38 pm - ::1 - Mozilla/5.0 (Windows NT 10.0; Win64; x64) AppleWebKit/537.36 (KHTML, like Gecko) Chrome/99.0.4844.82 Safari/537.36 - no-referer - /OpenShop/index.php - 
May 5, 2022, 1:38 pm - ::1 - Mozilla/5.0 (Windows NT 10.0; Win64; x64) AppleWebKit/537.36 (KHTML, like Gecko) Chrome/99.0.4844.82 Safari/537.36 - no-referer - /OpenShop/index.php - 
May 5, 2022, 1:39 pm - ::1 - Mozilla/5.0 (Windows NT 10.0; Win64; x64) AppleWebKit/537.36 (KHTML, like Gecko) Chrome/99.0.4844.82 Safari/537.36 - no-referer - /OpenShop/index.php - 
May 5, 2022, 1:39 pm - ::1 - Mozilla/5.0 (Windows NT 10.0; Win64; x64) AppleWebKit/537.36 (KHTML, like Gecko) Chrome/99.0.4844.82 Safari/537.36 - no-referer - /OpenShop/index.php - 
May 5, 2022, 1:41 pm - ::1 - Mozilla/5.0 (Windows NT 10.0; Win64; x64) AppleWebKit/537.36 (KHTML, like Gecko) Chrome/99.0.4844.82 Safari/537.36 - no-referer - /OpenShop/index.php - 
May 5, 2022, 1:41 pm - ::1 - Mozilla/5.0 (Windows NT 10.0; Win64; x64) AppleWebKit/537.36 (KHTML, like Gecko) Chrome/99.0.4844.82 Safari/537.36 - no-referer - /OpenShop/index.php - 
May 5, 2022, 1:44 pm - ::1 - Mozilla/5.0 (Windows NT 10.0; Win64; x64) AppleWebKit/537.36 (KHTML, like Gecko) Chrome/99.0.4844.82 Safari/537.36 - no-referer - /OpenShop/index.php - 
May 5, 2022, 1:44 pm - ::1 - Mozilla/5.0 (Windows NT 10.0; Win64; x64) AppleWebKit/537.36 (KHTML, like Gecko) Chrome/99.0.4844.82 Safari/537.36 - no-referer - /OpenShop/index.php - 
May 5, 2022, 1:46 pm - ::1 - Mozilla/5.0 (Windows NT 10.0; Win64; x64) AppleWebKit/537.36 (KHTML, like Gecko) Chrome/99.0.4844.82 Safari/537.36 - no-referer - /OpenShop/index.php - 
May 5, 2022, 1:46 pm - ::1 - Mozilla/5.0 (Windows NT 10.0; Win64; x64) AppleWebKit/537.36 (KHTML, like Gecko) Chrome/99.0.4844.82 Safari/537.36 - no-referer - /OpenShop/index.php - 
May 5, 2022, 1:49 pm - ::1 - Mozilla/5.0 (Windows NT 10.0; Win64; x64) AppleWebKit/537.36 (KHTML, like Gecko) Chrome/99.0.4844.82 Safari/537.36 - no-referer - /OpenShop/index.php - 
May 5, 2022, 1:49 pm - ::1 - Mozilla/5.0 (Windows NT 10.0; Win64; x64) AppleWebKit/537.36 (KHTML, like Gecko) Chrome/99.0.4844.82 Safari/537.36 - no-referer - /OpenShop/index.php - 
